<?xml version="1.0" encoding="UTF-8"?>
<testng-results ignored="0" total="2" passed="2" failed="0" skipped="0">
  <reporter-output>
  </reporter-output>
  <suite started-at="2021-01-23T15:16:04Z" name="Test automtion regression suite" finished-at="2021-01-23T15:16:31Z" duration-ms="27052">
    <groups>
    </groups>
    <test started-at="2021-01-23T15:16:04Z" name="Login page Test" finished-at="2021-01-23T15:16:29Z" duration-ms="25235">
      <class name="Democar_Test.LoginPageTest">
        <test-method is-config="true" signature="SetUp()[pri:0, instance:Democar_Test.LoginPageTest@3ad4a7d6]" started-at="2021-01-23T15:16:04Z" name="SetUp" finished-at="2021-01-23T15:16:24Z" duration-ms="20302" status="PASS">
          <reporter-output>
          </reporter-output>
        </test-method> <!-- SetUp -->
        <test-method signature="doLoginTest()[pri:0, instance:Democar_Test.LoginPageTest@3ad4a7d6]" started-at="2021-01-23T15:16:24Z" name="doLoginTest" finished-at="2021-01-23T15:16:28Z" duration-ms="4007" status="PASS">
          <reporter-output>
          </reporter-output>
        </test-method> <!-- doLoginTest -->
        <test-method is-config="true" signature="tearDown()[pri:0, instance:Democar_Test.LoginPageTest@3ad4a7d6]" started-at="2021-01-23T15:16:29Z" name="tearDown" finished-at="2021-01-23T15:16:29Z" duration-ms="650" status="PASS">
          <reporter-output>
          </reporter-output>
        </test-method> <!-- tearDown -->
      </class> <!-- Democar_Test.LoginPageTest -->
    </test> <!-- Login page Test -->
    <test started-at="2021-01-23T15:16:04Z" name="AccountsPage" finished-at="2021-01-23T15:16:31Z" duration-ms="27052">
      <class name="Democar_Test.AccountpageTeast">
        <test-method is-config="true" signature="SetUp()[pri:0, instance:Democar_Test.AccountpageTeast@25d93198]" started-at="2021-01-23T15:16:04Z" name="SetUp" finished-at="2021-01-23T15:16:23Z" duration-ms="19078" status="PASS">
          <reporter-output>
          </reporter-output>
        </test-method> <!-- SetUp -->
        <test-method is-config="true" signature="importLoginpageToEnterInto()[pri:0, instance:Democar_Test.AccountpageTeast@25d93198]" started-at="2021-01-23T15:16:23Z" name="importLoginpageToEnterInto" finished-at="2021-01-23T15:16:27Z" duration-ms="4048" status="PASS">
          <reporter-output>
          </reporter-output>
        </test-method> <!-- importLoginpageToEnterInto -->
        <test-method signature="LogoutFromAccountsPage()[pri:0, instance:Democar_Test.AccountpageTeast@25d93198]" started-at="2021-01-23T15:16:27Z" name="LogoutFromAccountsPage" finished-at="2021-01-23T15:16:30Z" duration-ms="3200" status="PASS">
          <reporter-output>
          </reporter-output>
        </test-method> <!-- LogoutFromAccountsPage -->
        <test-method is-config="true" signature="tearDown()[pri:0, instance:Democar_Test.AccountpageTeast@25d93198]" started-at="2021-01-23T15:16:30Z" name="tearDown" finished-at="2021-01-23T15:16:31Z" duration-ms="670" status="PASS">
          <reporter-output>
          </reporter-output>
        </test-method> <!-- tearDown -->
      </class> <!-- Democar_Test.AccountpageTeast -->
    </test> <!-- AccountsPage -->
  </suite> <!-- Test automtion regression suite -->
</testng-results>
