<?xml version="1.0" encoding="UTF-8"?>
<testng-results ignored="0" total="1" passed="1" failed="0" skipped="0">
  <reporter-output>
  </reporter-output>
  <suite started-at="2021-01-23T14:28:49Z" name="Test automtion regression suite" finished-at="2021-01-23T14:29:14Z" duration-ms="24397">
    <groups>
    </groups>
    <test started-at="2021-01-23T14:28:49Z" name="Login page Test" finished-at="2021-01-23T14:29:14Z" duration-ms="24397">
      <class name="Democar_Test.LoginPageTest">
        <test-method is-config="true" signature="SetUp()[pri:0, instance:Democar_Test.LoginPageTest@6c9320c2]" started-at="2021-01-23T14:28:49Z" name="SetUp" finished-at="2021-01-23T14:29:08Z" duration-ms="18344" status="PASS">
          <reporter-output>
          </reporter-output>
        </test-method> <!-- SetUp -->
        <test-method signature="doLoginTest()[pri:0, instance:Democar_Test.LoginPageTest@6c9320c2]" started-at="2021-01-23T14:29:08Z" name="doLoginTest" finished-at="2021-01-23T14:29:12Z" duration-ms="3905" status="PASS">
          <reporter-output>
          </reporter-output>
        </test-method> <!-- doLoginTest -->
        <test-method is-config="true" signature="tearDown()[pri:0, instance:Democar_Test.LoginPageTest@6c9320c2]" started-at="2021-01-23T14:29:13Z" name="tearDown" finished-at="2021-01-23T14:29:14Z" duration-ms="1245" status="PASS">
          <reporter-output>
          </reporter-output>
        </test-method> <!-- tearDown -->
      </class> <!-- Democar_Test.LoginPageTest -->
    </test> <!-- Login page Test -->
  </suite> <!-- Test automtion regression suite -->
</testng-results>
